# Logfile created on 2014-04-24 09:47:55 +0800 by logger.rb/41954
I, [2014-04-24T09:47:55.162211 #875]  INFO -- : 0:  rake (10.3.1) from /Library/Ruby/Gems/2.0.0/specifications/rake-10.3.1.gemspec
I, [2014-04-24T09:47:55.172622 #875]  INFO -- : 0:  i18n (0.6.9) from /Library/Ruby/Gems/2.0.0/specifications/i18n-0.6.9.gemspec
I, [2014-04-24T09:48:05.816320 #875]  INFO -- : 0:  json (1.8.1) from /Library/Ruby/Gems/2.0.0/specifications/json-1.8.1.gemspec
I, [2014-04-24T09:48:09.030719 #875]  INFO -- : 0:  minitest (5.3.3) from /Library/Ruby/Gems/2.0.0/specifications/minitest-5.3.3.gemspec
I, [2014-04-24T09:48:13.853688 #875]  INFO -- : 0:  thread_safe (0.3.3) from /Library/Ruby/Gems/2.0.0/specifications/thread_safe-0.3.3.gemspec
I, [2014-04-24T09:48:16.899537 #875]  INFO -- : 0:  tzinfo (1.1.0) from /Library/Ruby/Gems/2.0.0/specifications/tzinfo-1.1.0.gemspec
I, [2014-04-24T09:48:22.436018 #875]  INFO -- : 0:  activesupport (4.1.0) from /Library/Ruby/Gems/2.0.0/specifications/activesupport-4.1.0.gemspec
I, [2014-04-24T09:48:25.303140 #875]  INFO -- : 0:  builder (3.2.2) from /Library/Ruby/Gems/2.0.0/specifications/builder-3.2.2.gemspec
I, [2014-04-24T09:48:25.306670 #875]  INFO -- : 0:  erubis (2.7.0) from /Library/Ruby/Gems/2.0.0/specifications/erubis-2.7.0.gemspec
I, [2014-04-24T09:48:29.649314 #875]  INFO -- : 0:  actionview (4.1.0) from /Library/Ruby/Gems/2.0.0/specifications/actionview-4.1.0.gemspec
I, [2014-04-24T09:48:29.657273 #875]  INFO -- : 0:  rack (1.5.2) from /Library/Ruby/Gems/2.0.0/specifications/rack-1.5.2.gemspec
I, [2014-04-24T09:48:29.657685 #875]  INFO -- : 0:  rack-test (0.6.2) from /Library/Ruby/Gems/2.0.0/specifications/rack-test-0.6.2.gemspec
I, [2014-04-24T09:48:34.432668 #875]  INFO -- : 0:  actionpack (4.1.0) from /Library/Ruby/Gems/2.0.0/specifications/actionpack-4.1.0.gemspec
I, [2014-04-24T09:48:34.444854 #875]  INFO -- : 0:  mime-types (1.25.1) from /Library/Ruby/Gems/2.0.0/specifications/mime-types-1.25.1.gemspec
I, [2014-04-24T09:48:36.992397 #875]  INFO -- : 0:  polyglot (0.3.4) from /Library/Ruby/Gems/2.0.0/specifications/polyglot-0.3.4.gemspec
I, [2014-04-24T09:48:36.994557 #875]  INFO -- : 0:  treetop (1.4.15) from /Library/Ruby/Gems/2.0.0/specifications/treetop-1.4.15.gemspec
I, [2014-04-24T09:48:36.995009 #875]  INFO -- : 0:  mail (2.5.4) from /Library/Ruby/Gems/2.0.0/specifications/mail-2.5.4.gemspec
I, [2014-04-24T09:48:40.003594 #875]  INFO -- : 0:  actionmailer (4.1.0) from /Library/Ruby/Gems/2.0.0/specifications/actionmailer-4.1.0.gemspec
I, [2014-04-24T09:48:43.093853 #875]  INFO -- : 0:  activemodel (4.1.0) from /Library/Ruby/Gems/2.0.0/specifications/activemodel-4.1.0.gemspec
I, [2014-04-24T09:48:46.476701 #875]  INFO -- : 0:  arel (5.0.1.20140414130214) from /Library/Ruby/Gems/2.0.0/specifications/arel-5.0.1.20140414130214.gemspec
I, [2014-04-24T09:48:50.363348 #875]  INFO -- : 0:  activerecord (4.1.0) from /Library/Ruby/Gems/2.0.0/specifications/activerecord-4.1.0.gemspec
I, [2014-04-24T09:48:54.226535 #875]  INFO -- : 0:  coderay (1.1.0) from /Library/Ruby/Gems/2.0.0/specifications/coderay-1.1.0.gemspec
I, [2014-04-24T09:48:56.989690 #875]  INFO -- : 0:  better_errors (1.1.0) from /Library/Ruby/Gems/2.0.0/specifications/better_errors-1.1.0.gemspec
I, [2014-04-24T09:48:59.693269 #875]  INFO -- : 0:  debug_inspector (0.0.2) from /Library/Ruby/Gems/2.0.0/specifications/debug_inspector-0.0.2.gemspec
I, [2014-04-24T09:49:03.253519 #875]  INFO -- : 0:  binding_of_caller (0.7.2) from /Library/Ruby/Gems/2.0.0/specifications/binding_of_caller-0.7.2.gemspec
I, [2014-04-24T09:49:06.932346 #875]  INFO -- : 0:  coffee-script-source (1.7.0) from /Library/Ruby/Gems/2.0.0/specifications/coffee-script-source-1.7.0.gemspec
I, [2014-04-24T09:49:09.590105 #875]  INFO -- : 0:  execjs (2.0.2) from /Library/Ruby/Gems/2.0.0/specifications/execjs-2.0.2.gemspec
I, [2014-04-24T09:49:12.057081 #875]  INFO -- : 0:  coffee-script (2.2.0) from /Library/Ruby/Gems/2.0.0/specifications/coffee-script-2.2.0.gemspec
I, [2014-04-24T09:49:15.584795 #875]  INFO -- : 0:  thor (0.19.1) from /Library/Ruby/Gems/2.0.0/specifications/thor-0.19.1.gemspec
I, [2014-04-24T09:49:18.880499 #875]  INFO -- : 0:  railties (4.1.0) from /Library/Ruby/Gems/2.0.0/specifications/railties-4.1.0.gemspec
I, [2014-04-24T09:49:21.111000 #875]  INFO -- : 0:  coffee-rails (4.0.1) from /Library/Ruby/Gems/2.0.0/specifications/coffee-rails-4.0.1.gemspec
I, [2014-04-24T09:49:21.115239 #875]  INFO -- : 0:  hike (1.2.3) from /Library/Ruby/Gems/2.0.0/specifications/hike-1.2.3.gemspec
I, [2014-04-24T09:49:23.749195 #875]  INFO -- : 0:  multi_json (1.9.2) from /Library/Ruby/Gems/2.0.0/specifications/multi_json-1.9.2.gemspec
I, [2014-04-24T09:49:26.689488 #875]  INFO -- : 0:  jbuilder (2.0.6) from /Library/Ruby/Gems/2.0.0/specifications/jbuilder-2.0.6.gemspec
I, [2014-04-24T09:49:30.060700 #875]  INFO -- : 0:  jquery-rails (3.1.0) from /Library/Ruby/Gems/2.0.0/specifications/jquery-rails-3.1.0.gemspec
I, [2014-04-24T09:49:32.485111 #875]  INFO -- : 0:  turbolinks (2.2.2) from /Library/Ruby/Gems/2.0.0/specifications/turbolinks-2.2.2.gemspec
I, [2014-04-24T09:49:34.875287 #875]  INFO -- : 0:  jquery-turbolinks (2.0.2) from /Library/Ruby/Gems/2.0.0/specifications/jquery-turbolinks-2.0.2.gemspec
E, [2014-04-24T09:49:40.677668 #875] ERROR -- : Gem::Ext::BuildError: ERROR: Failed to build gem native extension.

    /System/Library/Frameworks/Ruby.framework/Versions/2.0/usr/bin/ruby extconf.rb 
checking for pg_config... yes
Using config values from /Applications/Postgres.app/Contents/Versions/9.3/bin/pg_config
checking for libpq-fe.h... yes
checking for libpq/libpq-fs.h... yes
checking for pg_config_manual.h... yes
checking for PQconnectdb() in -lpq... no
checking for PQconnectdb() in -llibpq... no
checking for PQconnectdb() in -lms/libpq... no
Can't find the PostgreSQL client library (libpq)
*** extconf.rb failed ***
Could not create Makefile due to some reason, probably lack of necessary
libraries and/or headers.  Check the mkmf.log file for more details.  You may
need configuration options.

Provided configuration options:
	--with-opt-dir
	--without-opt-dir
	--with-opt-include
	--without-opt-include=${opt-dir}/include
	--with-opt-lib
	--without-opt-lib=${opt-dir}/lib
	--with-make-prog
	--without-make-prog
	--srcdir=.
	--curdir
	--ruby=/System/Library/Frameworks/Ruby.framework/Versions/2.0/usr/bin/ruby
	--with-pg
	--without-pg
	--with-pg-config
	--without-pg-config
	--with-pg_config
	--without-pg_config
	--with-pg-dir
	--without-pg-dir
	--with-pg-include
	--without-pg-include=${pg-dir}/include
	--with-pg-lib
	--without-pg-lib=${pg-dir}/
	--with-pqlib
	--without-pqlib
	--with-libpqlib
	--without-libpqlib
	--with-ms/libpqlib
	--without-ms/libpqlib

extconf failed, exit code 1

Gem files will remain installed in /Users/anchordesk/.bundler/tmp/875/gems/pg-0.17.1 for inspection.
Results logged to /Users/anchordesk/.bundler/tmp/875/extensions/universal-darwin-13/2.0.0/pg-0.17.1/gem_make.out

/Library/Ruby/Site/2.0.0/rubygems/ext/builder.rb:89:in `run'  \n/Library/Ruby/Site/2.0.0/rubygems/ext/ext_conf_builder.rb:37:in `block in build'  \n/System/Library/Frameworks/Ruby.framework/Versions/2.0/usr/lib/ruby/2.0.0/tempfile.rb:324:in `open'  \n/Library/Ruby/Site/2.0.0/rubygems/ext/ext_conf_builder.rb:17:in `build'  \n/Library/Ruby/Site/2.0.0/rubygems/ext/builder.rb:161:in `block (2 levels) in build_extension'  \n/Library/Ruby/Site/2.0.0/rubygems/ext/builder.rb:160:in `chdir'  \n/Library/Ruby/Site/2.0.0/rubygems/ext/builder.rb:160:in `block in build_extension'  \n/Library/Ruby/Site/2.0.0/rubygems/ext/builder.rb:159:in `synchronize'  \n/Library/Ruby/Site/2.0.0/rubygems/ext/builder.rb:159:in `build_extension'  \n/Library/Ruby/Site/2.0.0/rubygems/ext/builder.rb:198:in `block in build_extensions'  \n/Library/Ruby/Site/2.0.0/rubygems/ext/builder.rb:195:in `each'  \n/Library/Ruby/Site/2.0.0/rubygems/ext/builder.rb:195:in `build_extensions'  \n/Library/Ruby/Site/2.0.0/rubygems/installer.rb:677:in `build_extensions'  \n/Library/Ruby/Site/2.0.0/rubygems/installer.rb:232:in `install'  \n/Library/Ruby/Gems/2.0.0/gems/bundler-1.5.1/lib/bundler/source/rubygems.rb:101:in `block in install'  \n/Library/Ruby/Gems/2.0.0/gems/bundler-1.5.1/lib/bundler/rubygems_integration.rb:118:in `preserve_paths'  \n/Library/Ruby/Gems/2.0.0/gems/bundler-1.5.1/lib/bundler/source/rubygems.rb:94:in `install'  \n/Library/Ruby/Gems/2.0.0/gems/bundler-1.5.1/lib/bundler/installer.rb:111:in `block in install_gem_from_spec'  \n/Library/Ruby/Gems/2.0.0/gems/bundler-1.5.1/lib/bundler/rubygems_integration.rb:150:in `with_build_args'  \n/Library/Ruby/Gems/2.0.0/gems/bundler-1.5.1/lib/bundler/installer.rb:110:in `install_gem_from_spec'  \n/Library/Ruby/Gems/2.0.0/gems/bundler-1.5.1/lib/bundler/installer.rb:295:in `block in install_sequentially'  \n/System/Library/Frameworks/Ruby.framework/Versions/2.0/usr/lib/ruby/2.0.0/forwardable.rb:171:in `each'  \n/System/Library/Frameworks/Ruby.framework/Versions/2.0/usr/lib/ruby/2.0.0/forwardable.rb:171:in `each'  \n/Library/Ruby/Gems/2.0.0/gems/bundler-1.5.1/lib/bundler/installer.rb:294:in `install_sequentially'  \n/Library/Ruby/Gems/2.0.0/gems/bundler-1.5.1/lib/bundler/installer.rb:97:in `run'  \n/Library/Ruby/Gems/2.0.0/gems/bundler-1.5.1/lib/bundler/installer.rb:15:in `install'  \n/Library/Ruby/Gems/2.0.0/gems/bundler-1.5.1/lib/bundler/cli.rb:257:in `install'  \n/Library/Ruby/Gems/2.0.0/gems/bundler-1.5.1/lib/bundler/vendor/thor/command.rb:27:in `run'  \n/Library/Ruby/Gems/2.0.0/gems/bundler-1.5.1/lib/bundler/vendor/thor/invocation.rb:120:in `invoke_command'  \n/Library/Ruby/Gems/2.0.0/gems/bundler-1.5.1/lib/bundler/vendor/thor.rb:363:in `dispatch'  \n/Library/Ruby/Gems/2.0.0/gems/bundler-1.5.1/lib/bundler/vendor/thor/base.rb:438:in `start'  \n/Library/Ruby/Gems/2.0.0/gems/bundler-1.5.1/lib/bundler/cli.rb:10:in `start'  \n/Library/Ruby/Gems/2.0.0/gems/bundler-1.5.1/bin/bundle:22:in `block in <top (required)>'  \n/Library/Ruby/Gems/2.0.0/gems/bundler-1.5.1/lib/bundler/friendly_errors.rb:5:in `with_friendly_errors'  \n/Library/Ruby/Gems/2.0.0/gems/bundler-1.5.1/bin/bundle:22:in `<top (required)>'  \n/usr/bin/bundle:23:in `load'  \n/usr/bin/bundle:23:in `<main>'
